{"C:\\Users\\saliq\\Desktop\\Training\\calculator\\calculator.js": {"path":"C:\\Users\\saliq\\Desktop\\Training\\calculator\\calculator.js","all":false,"statementMap":{"0":{"start":{"line":1,"column":0},"end":{"line":1,"column":16}},"1":{"start":{"line":2,"column":0},"end":{"line":2,"column":1}},"2":{"start":{"line":3,"column":0},"end":{"line":3,"column":22}}},"s":{"0":10,"1":10,"2":1},"branchMap":{"0":{"type":"branch","line":1,"loc":{"start":{"line":1,"column":0},"end":{"line":2,"column":1}},"locations":[{"start":{"line":1,"column":0},"end":{"line":2,"column":1}}]}},"b":{"0":[10]},"fnMap":{"0":{"name":"calc","decl":{"start":{"line":1,"column":0},"end":{"line":2,"column":1}},"loc":{"start":{"line":1,"column":0},"end":{"line":2,"column":1}},"line":1}},"f":{"0":10}}
}
